This file contains any messages produced by compilers while
running configure, to aid debugging if configure makes a mistake.

It was created by GNU MP configure 6.0.0, which was
generated by GNU Autoconf 2.69.  Invocation command line was

  $ ./configure 

## --------- ##
## Platform. ##
## --------- ##

hostname = Shed-iMac.fios-router.home
uname -m = x86_64
uname -r = 23.6.0
uname -s = Darwin
uname -v = Darwin Kernel Version 23.6.0: Mon Jul 29 21:13:00 PDT 2024; root:xnu-10063.141.2~1/RELEASE_X86_64

/usr/bin/uname -p = i386
/bin/uname -X     = unknown

/bin/arch              = unknown
/usr/bin/arch -k       = unknown
/usr/convex/getsysinfo = unknown
/usr/bin/hostinfo      = Mach kernel version:
	 Darwin Kernel Version 23.6.0: Mon Jul 29 21:13:00 PDT 2024; root:xnu-10063.141.2~1/RELEASE_X86_64
Kernel configured for up to 4 processors.
4 processors are physically available.
4 processors are logically available.
Processor type: x86_64h (Intel x86-64h Haswell)
Processors active: 0 1 2 3
Primary memory available: 32.00 gigabytes
Default processor set: 760 tasks, 2397 threads, 4 processors
Load average: 1.23, Mach factor: 2.80
/bin/machine           = unknown
/usr/bin/oslevel       = unknown
/bin/universe          = unknown

PATH: /Library/Frameworks/Python.framework/Versions/3.11/bin
PATH: /usr/bin
PATH: /Users/milarson/bin
PATH: /usr/local/sbin
PATH: /usr/local/bin
PATH: /opt/intel/bin
PATH: /usr/local/bin
PATH: /System/Cryptexes/App/usr/bin
PATH: /usr/bin
PATH: /bin
PATH: /usr/sbin
PATH: /sbin
PATH: /var/run/com.apple.security.cryptexd/codex.system/bootstrap/usr/local/bin
PATH: /var/run/com.apple.security.cryptexd/codex.system/bootstrap/usr/bin
PATH: /var/run/com.apple.security.cryptexd/codex.system/bootstrap/usr/appleinternal/bin
PATH: /opt/X11/bin
PATH: /Library/Apple/usr/bin
PATH: /usr/local/share/dotnet
PATH: ~/.dotnet/tools
PATH: /Applications/Postgres.app/Contents/Versions/latest/bin


## ----------- ##
## Core tests. ##
## ----------- ##

configure:3040: checking build system type
configure:3054: result: corei-apple-darwin23.6.0
configure:3074: checking host system type
configure:3087: result: corei-apple-darwin23.6.0
configure:3124: checking for a BSD-compatible install
configure:3192: result: /usr/bin/install -c
configure:3203: checking whether build environment is sane
configure:3253: result: yes
configure:3394: checking for a thread-safe mkdir -p
configure:3433: result: /usr/local/bin/gmkdir -p
configure:3446: checking for gawk
configure:3476: result: no
configure:3446: checking for mawk
configure:3476: result: no
configure:3446: checking for nawk
configure:3476: result: no
configure:3446: checking for awk
configure:3462: found /usr/bin/awk
configure:3473: result: awk
configure:3484: checking whether make sets $(MAKE)
configure:3506: result: yes
configure:3589: checking whether to enable maintainer-specific portions of Makefiles
configure:3598: result: no
User:
ABI=
CC=
CFLAGS=(unset)
CPPFLAGS=(unset)
MPN_PATH=
GMP:
abilist=64 x32 32
cclist=gcc icc cc
configure:5568: gcc 2>&1 | grep xlc >/dev/null
configure:5571: $? = 1
configure:5625: checking compiler gcc -O2 -pedantic -fomit-frame-pointer -m64 
Test compile: 
configure:5639: gcc -O2 -pedantic -fomit-frame-pointer -m64  conftest.c >&5
conftest.c:2:10: warning: a function declaration without a prototype is deprecated in all versions of C [-Wstrict-prototypes]
int main () { return 0; }
         ^
          void
1 warning generated.
configure:5642: $? = 0
configure:5647: ./a.out || ./b.out || ./a.exe || ./a_out.exe || ./conftest
configure:5650: $? = 0
Test compile: function pointer return
configure:5693: gcc -O2 -pedantic -fomit-frame-pointer -m64  conftest.c >&5
conftest.c:3:8: warning: a function declaration without a prototype is deprecated in all versions of C [-Wstrict-prototypes]
void *g() { return (void *) 0; }
       ^
        void
conftest.c:4:8: warning: a function declaration without a prototype is deprecated in all versions of C [-Wstrict-prototypes]
void *f() { return g(); }
       ^
        void
conftest.c:6:10: warning: a function declaration without a prototype is deprecated in all versions of C [-Wstrict-prototypes]
int main () { return 0; }
         ^
          void
3 warnings generated.
configure:5696: $? = 0
configure:5701: ./a.out || ./b.out || ./a.exe || ./a_out.exe || ./conftest
configure:5704: $? = 0
Test compile: cmov instruction
configure:5749: gcc -O2 -pedantic -fomit-frame-pointer -m64  conftest.c >&5
conftest.c:6:10: warning: a function declaration without a prototype is deprecated in all versions of C [-Wstrict-prototypes]
int cmov () { return (n >= 0 ? n : 0); }
         ^
          void
conftest.c:8:10: warning: a function declaration without a prototype is deprecated in all versions of C [-Wstrict-prototypes]
int main () { return 0; }
         ^
          void
2 warnings generated.
configure:5752: $? = 0
configure:5757: ./a.out || ./b.out || ./a.exe || ./a_out.exe || ./conftest
configure:5760: $? = 0
Test compile: double -> ulong conversion
configure:5806: gcc -O2 -pedantic -fomit-frame-pointer -m64  conftest.c >&5
conftest.c:7:22: warning: a function declaration without a prototype is deprecated in all versions of C [-Wstrict-prototypes]
unsigned long gcc303 () { return (unsigned long) d; }
                     ^
                      void
conftest.c:9:10: warning: a function declaration without a prototype is deprecated in all versions of C [-Wstrict-prototypes]
int main () { return 0; }
         ^
          void
2 warnings generated.
configure:5809: $? = 0
configure:5814: ./a.out || ./b.out || ./a.exe || ./a_out.exe || ./conftest
configure:5817: $? = 0
Test compile: double negation
configure:5861: gcc -O2 -pedantic -fomit-frame-pointer -m64  conftest.c >&5
conftest.c:5:20: warning: a function declaration without a prototype is deprecated in all versions of C [-Wstrict-prototypes]
unsigned long fneg () { return -fneg_data; }
                   ^
                    void
conftest.c:7:10: warning: a function declaration without a prototype is deprecated in all versions of C [-Wstrict-prototypes]
int main () { return 0; }
         ^
          void
2 warnings generated.
configure:5864: $? = 0
configure:5869: ./a.out || ./b.out || ./a.exe || ./a_out.exe || ./conftest
configure:5872: $? = 0
Test compile: double -> float conversion
configure:5917: gcc -O2 -pedantic -fomit-frame-pointer -m64  conftest.c >&5
conftest.c:6:12: warning: a function declaration without a prototype is deprecated in all versions of C [-Wstrict-prototypes]
float ftod () { return (float) ftod_data; }
           ^
            void
conftest.c:8:10: warning: a function declaration without a prototype is deprecated in all versions of C [-Wstrict-prototypes]
int main () { return 0; }
         ^
          void
2 warnings generated.
configure:5920: $? = 0
configure:5925: ./a.out || ./b.out || ./a.exe || ./a_out.exe || ./conftest
configure:5928: $? = 0
Test compile: gnupro alpha ev6 char spilling
configure:6002: gcc -O2 -pedantic -fomit-frame-pointer -m64  conftest.c >&5
conftest.c:16:12: warning: a function declaration without a prototype is deprecated in all versions of C [-Wstrict-prototypes]
param_init ()
           ^
            void
conftest.c:37:10: warning: a function declaration without a prototype is deprecated in all versions of C [-Wstrict-prototypes]
int main () { return 0; }
         ^
          void
2 warnings generated.
configure:6005: $? = 0
configure:6010: ./a.out || ./b.out || ./a.exe || ./a_out.exe || ./conftest
configure:6013: $? = 0
Test compile: __builtin_alloca availability
configure:6053: gcc -O2 -pedantic -fomit-frame-pointer -m64  conftest.c >&5
conftest.c:1:16: warning: a function declaration without a prototype is deprecated in all versions of C [-Wstrict-prototypes]
int k; int foo () { __builtin_alloca (k); }
               ^
                void
conftest.c:1:43: warning: non-void function does not return a value [-Wreturn-type]
int k; int foo () { __builtin_alloca (k); }
                                          ^
2 warnings generated.
Undefined symbols for architecture x86_64:
  "_main", referenced from:
      <initial-undefines>
ld: symbol(s) not found for architecture x86_64
clang: error: linker command failed with exit code 1 (use -v to see invocation)
configure:6056: $? = 1
failed program was:
int k; int foo () { __builtin_alloca (k); }
Test compile: abs int -> double conversion
configure:6177: gcc -O2 -pedantic -fomit-frame-pointer -m64  conftest.c >&5
conftest.c:13:7: warning: a function declaration without a prototype is deprecated in all versions of C [-Wstrict-prototypes]
int f ()
      ^
       void
conftest.c:20:10: warning: a function declaration without a prototype is deprecated in all versions of C [-Wstrict-prototypes]
int main () { return 0; }
         ^
          void
2 warnings generated.
configure:6180: $? = 0
configure:6185: ./a.out || ./b.out || ./a.exe || ./a_out.exe || ./conftest
configure:6188: $? = 0
Test compile: long long reliability test 1
configure:6241: gcc -O2 -pedantic -fomit-frame-pointer -m64  conftest.c >&5
conftest.c:9:1: error: type specifier missing, defaults to 'int'; ISO C99 and later do not support implicit int [-Wimplicit-int]
f(){static const struct{t1 n;t1 src[9];t1 want[9];}d[]={{1,{0},{1}},};t1 got[9];int i;
^
int
conftest.c:9:2: warning: a function declaration without a prototype is deprecated in all versions of C [-Wstrict-prototypes]
f(){static const struct{t1 n;t1 src[9];t1 want[9];}d[]={{1,{0},{1}},};t1 got[9];int i;
 ^
  void
conftest.c:10:44: error: call to undeclared function 'h'; ISO C99 and later do not support implicit function declarations [-Wimplicit-function-declaration]
for(i=0;i<1;i++){if(e(got,got,9,d[i].n)==0)h();g(i,d[i].src,d[i].n,got,d[i].want,9);if(d[i].n)h();}}
                                           ^
conftest.c:10:48: error: call to undeclared function 'g'; ISO C99 and later do not support implicit function declarations [-Wimplicit-function-declaration]
for(i=0;i<1;i++){if(e(got,got,9,d[i].n)==0)h();g(i,d[i].src,d[i].n,got,d[i].want,9);if(d[i].n)h();}}
                                               ^
conftest.c:11:1: error: type specifier missing, defaults to 'int'; ISO C99 and later do not support implicit int [-Wimplicit-int]
h(){}g(){}
^
int
conftest.c:11:2: warning: a function declaration without a prototype is deprecated in all versions of C [-Wstrict-prototypes]
h(){}g(){}
 ^
  void
conftest.c:11:6: error: type specifier missing, defaults to 'int'; ISO C99 and later do not support implicit int [-Wimplicit-int]
h(){}g(){}
     ^
     int
conftest.c:11:7: warning: a function declaration without a prototype is deprecated in all versions of C [-Wstrict-prototypes]
h(){}g(){}
      ^
       void
conftest.c:16:10: warning: a function declaration without a prototype is deprecated in all versions of C [-Wstrict-prototypes]
int main () { return 0; }
         ^
          void
4 warnings and 5 errors generated.
configure:6244: $? = 1
failed program was:
/* The following provokes a segfault in the compiler on powerpc-apple-darwin.
   Extracted from tests/mpn/t-iord_u.c.  Causes Apple's gcc 3.3 build 1640 and
   1666 to segfault with e.g., -O2 -mpowerpc64.  */

#if defined (__GNUC__) && ! defined (__cplusplus)
typedef unsigned long long t1;typedef t1*t2;
static __inline__ t1 e(t2 rp,t2 up,int n,t1 v0)
{t1 c,x,r;int i;if(v0){c=1;for(i=1;i<n;i++){x=up[i];r=x+1;rp[i]=r;}}return c;}
f(){static const struct{t1 n;t1 src[9];t1 want[9];}d[]={{1,{0},{1}},};t1 got[9];int i;
for(i=0;i<1;i++){if(e(got,got,9,d[i].n)==0)h();g(i,d[i].src,d[i].n,got,d[i].want,9);if(d[i].n)h();}}
h(){}g(){}
#else
int dummy;
#endif

int main () { return 0; }
configure:6665: result: no, long long reliability test 1
configure:5546: cc -c conftest.c >&5
configure:5549: $? = 0
configure:5552: checking whether cc is gcc
configure:5554: result: yes
configure:5568: cc 2>&1 | grep xlc >/dev/null
configure:5571: $? = 1
configure:5625: checking compiler cc -O2 -pedantic -fomit-frame-pointer -m64 
Test compile: 
configure:5639: cc -O2 -pedantic -fomit-frame-pointer -m64  conftest.c >&5
conftest.c:2:10: warning: a function declaration without a prototype is deprecated in all versions of C [-Wstrict-prototypes]
int main () { return 0; }
         ^
          void
1 warning generated.
configure:5642: $? = 0
configure:5647: ./a.out || ./b.out || ./a.exe || ./a_out.exe || ./conftest
configure:5650: $? = 0
Test compile: function pointer return
configure:5693: cc -O2 -pedantic -fomit-frame-pointer -m64  conftest.c >&5
conftest.c:3:8: warning: a function declaration without a prototype is deprecated in all versions of C [-Wstrict-prototypes]
void *g() { return (void *) 0; }
       ^
        void
conftest.c:4:8: warning: a function declaration without a prototype is deprecated in all versions of C [-Wstrict-prototypes]
void *f() { return g(); }
       ^
        void
conftest.c:6:10: warning: a function declaration without a prototype is deprecated in all versions of C [-Wstrict-prototypes]
int main () { return 0; }
         ^
          void
3 warnings generated.
configure:5696: $? = 0
configure:5701: ./a.out || ./b.out || ./a.exe || ./a_out.exe || ./conftest
configure:5704: $? = 0
Test compile: cmov instruction
configure:5749: cc -O2 -pedantic -fomit-frame-pointer -m64  conftest.c >&5
conftest.c:6:10: warning: a function declaration without a prototype is deprecated in all versions of C [-Wstrict-prototypes]
int cmov () { return (n >= 0 ? n : 0); }
         ^
          void
conftest.c:8:10: warning: a function declaration without a prototype is deprecated in all versions of C [-Wstrict-prototypes]
int main () { return 0; }
         ^
          void
2 warnings generated.
configure:5752: $? = 0
configure:5757: ./a.out || ./b.out || ./a.exe || ./a_out.exe || ./conftest
configure:5760: $? = 0
Test compile: double -> ulong conversion
configure:5806: cc -O2 -pedantic -fomit-frame-pointer -m64  conftest.c >&5
conftest.c:7:22: warning: a function declaration without a prototype is deprecated in all versions of C [-Wstrict-prototypes]
unsigned long gcc303 () { return (unsigned long) d; }
                     ^
                      void
conftest.c:9:10: warning: a function declaration without a prototype is deprecated in all versions of C [-Wstrict-prototypes]
int main () { return 0; }
         ^
          void
2 warnings generated.
configure:5809: $? = 0
configure:5814: ./a.out || ./b.out || ./a.exe || ./a_out.exe || ./conftest
configure:5817: $? = 0
Test compile: double negation
configure:5861: cc -O2 -pedantic -fomit-frame-pointer -m64  conftest.c >&5
conftest.c:5:20: warning: a function declaration without a prototype is deprecated in all versions of C [-Wstrict-prototypes]
unsigned long fneg () { return -fneg_data; }
                   ^
                    void
conftest.c:7:10: warning: a function declaration without a prototype is deprecated in all versions of C [-Wstrict-prototypes]
int main () { return 0; }
         ^
          void
2 warnings generated.
configure:5864: $? = 0
configure:5869: ./a.out || ./b.out || ./a.exe || ./a_out.exe || ./conftest
configure:5872: $? = 0
Test compile: double -> float conversion
configure:5917: cc -O2 -pedantic -fomit-frame-pointer -m64  conftest.c >&5
conftest.c:6:12: warning: a function declaration without a prototype is deprecated in all versions of C [-Wstrict-prototypes]
float ftod () { return (float) ftod_data; }
           ^
            void
conftest.c:8:10: warning: a function declaration without a prototype is deprecated in all versions of C [-Wstrict-prototypes]
int main () { return 0; }
         ^
          void
2 warnings generated.
configure:5920: $? = 0
configure:5925: ./a.out || ./b.out || ./a.exe || ./a_out.exe || ./conftest
configure:5928: $? = 0
Test compile: gnupro alpha ev6 char spilling
configure:6002: cc -O2 -pedantic -fomit-frame-pointer -m64  conftest.c >&5
conftest.c:16:12: warning: a function declaration without a prototype is deprecated in all versions of C [-Wstrict-prototypes]
param_init ()
           ^
            void
conftest.c:37:10: warning: a function declaration without a prototype is deprecated in all versions of C [-Wstrict-prototypes]
int main () { return 0; }
         ^
          void
2 warnings generated.
configure:6005: $? = 0
configure:6010: ./a.out || ./b.out || ./a.exe || ./a_out.exe || ./conftest
configure:6013: $? = 0
Test compile: __builtin_alloca availability
configure:6053: cc -O2 -pedantic -fomit-frame-pointer -m64  conftest.c >&5
conftest.c:1:16: warning: a function declaration without a prototype is deprecated in all versions of C [-Wstrict-prototypes]
int k; int foo () { __builtin_alloca (k); }
               ^
                void
conftest.c:1:43: warning: non-void function does not return a value [-Wreturn-type]
int k; int foo () { __builtin_alloca (k); }
                                          ^
2 warnings generated.
Undefined symbols for architecture x86_64:
  "_main", referenced from:
      <initial-undefines>
ld: symbol(s) not found for architecture x86_64
clang: error: linker command failed with exit code 1 (use -v to see invocation)
configure:6056: $? = 1
failed program was:
int k; int foo () { __builtin_alloca (k); }
Test compile: abs int -> double conversion
configure:6177: cc -O2 -pedantic -fomit-frame-pointer -m64  conftest.c >&5
conftest.c:13:7: warning: a function declaration without a prototype is deprecated in all versions of C [-Wstrict-prototypes]
int f ()
      ^
       void
conftest.c:20:10: warning: a function declaration without a prototype is deprecated in all versions of C [-Wstrict-prototypes]
int main () { return 0; }
         ^
          void
2 warnings generated.
configure:6180: $? = 0
configure:6185: ./a.out || ./b.out || ./a.exe || ./a_out.exe || ./conftest
configure:6188: $? = 0
Test compile: long long reliability test 1
configure:6241: cc -O2 -pedantic -fomit-frame-pointer -m64  conftest.c >&5
conftest.c:9:1: error: type specifier missing, defaults to 'int'; ISO C99 and later do not support implicit int [-Wimplicit-int]
f(){static const struct{t1 n;t1 src[9];t1 want[9];}d[]={{1,{0},{1}},};t1 got[9];int i;
^
int
conftest.c:9:2: warning: a function declaration without a prototype is deprecated in all versions of C [-Wstrict-prototypes]
f(){static const struct{t1 n;t1 src[9];t1 want[9];}d[]={{1,{0},{1}},};t1 got[9];int i;
 ^
  void
conftest.c:10:44: error: call to undeclared function 'h'; ISO C99 and later do not support implicit function declarations [-Wimplicit-function-declaration]
for(i=0;i<1;i++){if(e(got,got,9,d[i].n)==0)h();g(i,d[i].src,d[i].n,got,d[i].want,9);if(d[i].n)h();}}
                                           ^
conftest.c:10:48: error: call to undeclared function 'g'; ISO C99 and later do not support implicit function declarations [-Wimplicit-function-declaration]
for(i=0;i<1;i++){if(e(got,got,9,d[i].n)==0)h();g(i,d[i].src,d[i].n,got,d[i].want,9);if(d[i].n)h();}}
                                               ^
conftest.c:11:1: error: type specifier missing, defaults to 'int'; ISO C99 and later do not support implicit int [-Wimplicit-int]
h(){}g(){}
^
int
conftest.c:11:2: warning: a function declaration without a prototype is deprecated in all versions of C [-Wstrict-prototypes]
h(){}g(){}
 ^
  void
conftest.c:11:6: error: type specifier missing, defaults to 'int'; ISO C99 and later do not support implicit int [-Wimplicit-int]
h(){}g(){}
     ^
     int
conftest.c:11:7: warning: a function declaration without a prototype is deprecated in all versions of C [-Wstrict-prototypes]
h(){}g(){}
      ^
       void
conftest.c:16:10: warning: a function declaration without a prototype is deprecated in all versions of C [-Wstrict-prototypes]
int main () { return 0; }
         ^
          void
4 warnings and 5 errors generated.
configure:6244: $? = 1
failed program was:
/* The following provokes a segfault in the compiler on powerpc-apple-darwin.
   Extracted from tests/mpn/t-iord_u.c.  Causes Apple's gcc 3.3 build 1640 and
   1666 to segfault with e.g., -O2 -mpowerpc64.  */

#if defined (__GNUC__) && ! defined (__cplusplus)
typedef unsigned long long t1;typedef t1*t2;
static __inline__ t1 e(t2 rp,t2 up,int n,t1 v0)
{t1 c,x,r;int i;if(v0){c=1;for(i=1;i<n;i++){x=up[i];r=x+1;rp[i]=r;}}return c;}
f(){static const struct{t1 n;t1 src[9];t1 want[9];}d[]={{1,{0},{1}},};t1 got[9];int i;
for(i=0;i<1;i++){if(e(got,got,9,d[i].n)==0)h();g(i,d[i].src,d[i].n,got,d[i].want,9);if(d[i].n)h();}}
h(){}g(){}
#else
int dummy;
#endif

int main () { return 0; }
configure:6665: result: no, long long reliability test 1
configure:5568: gcc 2>&1 | grep xlc >/dev/null
configure:5571: $? = 1
configure:5625: checking compiler gcc -O2 -pedantic -fomit-frame-pointer -mx32 
Test compile: 
configure:5639: gcc -O2 -pedantic -fomit-frame-pointer -mx32  conftest.c >&5
conftest.c:2:10: warning: a function declaration without a prototype is deprecated in all versions of C [-Wstrict-prototypes]
int main () { return 0; }
         ^
          void
1 warning generated.
configure:5642: $? = 0
configure:5647: ./a.out || ./b.out || ./a.exe || ./a_out.exe || ./conftest
configure:5650: $? = 0
Test compile: function pointer return
configure:5693: gcc -O2 -pedantic -fomit-frame-pointer -mx32  conftest.c >&5
conftest.c:3:8: warning: a function declaration without a prototype is deprecated in all versions of C [-Wstrict-prototypes]
void *g() { return (void *) 0; }
       ^
        void
conftest.c:4:8: warning: a function declaration without a prototype is deprecated in all versions of C [-Wstrict-prototypes]
void *f() { return g(); }
       ^
        void
conftest.c:6:10: warning: a function declaration without a prototype is deprecated in all versions of C [-Wstrict-prototypes]
int main () { return 0; }
         ^
          void
3 warnings generated.
configure:5696: $? = 0
configure:5701: ./a.out || ./b.out || ./a.exe || ./a_out.exe || ./conftest
configure:5704: $? = 0
Test compile: cmov instruction
configure:5749: gcc -O2 -pedantic -fomit-frame-pointer -mx32  conftest.c >&5
conftest.c:6:10: warning: a function declaration without a prototype is deprecated in all versions of C [-Wstrict-prototypes]
int cmov () { return (n >= 0 ? n : 0); }
         ^
          void
conftest.c:8:10: warning: a function declaration without a prototype is deprecated in all versions of C [-Wstrict-prototypes]
int main () { return 0; }
         ^
          void
2 warnings generated.
configure:5752: $? = 0
configure:5757: ./a.out || ./b.out || ./a.exe || ./a_out.exe || ./conftest
configure:5760: $? = 0
Test compile: double -> ulong conversion
configure:5806: gcc -O2 -pedantic -fomit-frame-pointer -mx32  conftest.c >&5
conftest.c:7:22: warning: a function declaration without a prototype is deprecated in all versions of C [-Wstrict-prototypes]
unsigned long gcc303 () { return (unsigned long) d; }
                     ^
                      void
conftest.c:9:10: warning: a function declaration without a prototype is deprecated in all versions of C [-Wstrict-prototypes]
int main () { return 0; }
         ^
          void
2 warnings generated.
configure:5809: $? = 0
configure:5814: ./a.out || ./b.out || ./a.exe || ./a_out.exe || ./conftest
configure:5817: $? = 0
Test compile: double negation
configure:5861: gcc -O2 -pedantic -fomit-frame-pointer -mx32  conftest.c >&5
conftest.c:5:20: warning: a function declaration without a prototype is deprecated in all versions of C [-Wstrict-prototypes]
unsigned long fneg () { return -fneg_data; }
                   ^
                    void
conftest.c:7:10: warning: a function declaration without a prototype is deprecated in all versions of C [-Wstrict-prototypes]
int main () { return 0; }
         ^
          void
2 warnings generated.
configure:5864: $? = 0
configure:5869: ./a.out || ./b.out || ./a.exe || ./a_out.exe || ./conftest
configure:5872: $? = 0
Test compile: double -> float conversion
configure:5917: gcc -O2 -pedantic -fomit-frame-pointer -mx32  conftest.c >&5
conftest.c:6:12: warning: a function declaration without a prototype is deprecated in all versions of C [-Wstrict-prototypes]
float ftod () { return (float) ftod_data; }
           ^
            void
conftest.c:8:10: warning: a function declaration without a prototype is deprecated in all versions of C [-Wstrict-prototypes]
int main () { return 0; }
         ^
          void
2 warnings generated.
configure:5920: $? = 0
configure:5925: ./a.out || ./b.out || ./a.exe || ./a_out.exe || ./conftest
configure:5928: $? = 0
Test compile: gnupro alpha ev6 char spilling
configure:6002: gcc -O2 -pedantic -fomit-frame-pointer -mx32  conftest.c >&5
conftest.c:16:12: warning: a function declaration without a prototype is deprecated in all versions of C [-Wstrict-prototypes]
param_init ()
           ^
            void
conftest.c:37:10: warning: a function declaration without a prototype is deprecated in all versions of C [-Wstrict-prototypes]
int main () { return 0; }
         ^
          void
2 warnings generated.
configure:6005: $? = 0
configure:6010: ./a.out || ./b.out || ./a.exe || ./a_out.exe || ./conftest
configure:6013: $? = 0
Test compile: __builtin_alloca availability
configure:6053: gcc -O2 -pedantic -fomit-frame-pointer -mx32  conftest.c >&5
conftest.c:1:16: warning: a function declaration without a prototype is deprecated in all versions of C [-Wstrict-prototypes]
int k; int foo () { __builtin_alloca (k); }
               ^
                void
conftest.c:1:43: warning: non-void function does not return a value [-Wreturn-type]
int k; int foo () { __builtin_alloca (k); }
                                          ^
2 warnings generated.
Undefined symbols for architecture x86_64:
  "_main", referenced from:
      <initial-undefines>
ld: symbol(s) not found for architecture x86_64
clang: error: linker command failed with exit code 1 (use -v to see invocation)
configure:6056: $? = 1
failed program was:
int k; int foo () { __builtin_alloca (k); }
Test compile: abs int -> double conversion
configure:6177: gcc -O2 -pedantic -fomit-frame-pointer -mx32  conftest.c >&5
conftest.c:13:7: warning: a function declaration without a prototype is deprecated in all versions of C [-Wstrict-prototypes]
int f ()
      ^
       void
conftest.c:20:10: warning: a function declaration without a prototype is deprecated in all versions of C [-Wstrict-prototypes]
int main () { return 0; }
         ^
          void
2 warnings generated.
configure:6180: $? = 0
configure:6185: ./a.out || ./b.out || ./a.exe || ./a_out.exe || ./conftest
configure:6188: $? = 0
Test compile: long long reliability test 1
configure:6241: gcc -O2 -pedantic -fomit-frame-pointer -mx32  conftest.c >&5
conftest.c:9:1: error: type specifier missing, defaults to 'int'; ISO C99 and later do not support implicit int [-Wimplicit-int]
f(){static const struct{t1 n;t1 src[9];t1 want[9];}d[]={{1,{0},{1}},};t1 got[9];int i;
^
int
conftest.c:9:2: warning: a function declaration without a prototype is deprecated in all versions of C [-Wstrict-prototypes]
f(){static const struct{t1 n;t1 src[9];t1 want[9];}d[]={{1,{0},{1}},};t1 got[9];int i;
 ^
  void
conftest.c:10:44: error: call to undeclared function 'h'; ISO C99 and later do not support implicit function declarations [-Wimplicit-function-declaration]
for(i=0;i<1;i++){if(e(got,got,9,d[i].n)==0)h();g(i,d[i].src,d[i].n,got,d[i].want,9);if(d[i].n)h();}}
                                           ^
conftest.c:10:48: error: call to undeclared function 'g'; ISO C99 and later do not support implicit function declarations [-Wimplicit-function-declaration]
for(i=0;i<1;i++){if(e(got,got,9,d[i].n)==0)h();g(i,d[i].src,d[i].n,got,d[i].want,9);if(d[i].n)h();}}
                                               ^
conftest.c:11:1: error: type specifier missing, defaults to 'int'; ISO C99 and later do not support implicit int [-Wimplicit-int]
h(){}g(){}
^
int
conftest.c:11:2: warning: a function declaration without a prototype is deprecated in all versions of C [-Wstrict-prototypes]
h(){}g(){}
 ^
  void
conftest.c:11:6: error: type specifier missing, defaults to 'int'; ISO C99 and later do not support implicit int [-Wimplicit-int]
h(){}g(){}
     ^
     int
conftest.c:11:7: warning: a function declaration without a prototype is deprecated in all versions of C [-Wstrict-prototypes]
h(){}g(){}
      ^
       void
conftest.c:16:10: warning: a function declaration without a prototype is deprecated in all versions of C [-Wstrict-prototypes]
int main () { return 0; }
         ^
          void
4 warnings and 5 errors generated.
configure:6244: $? = 1
failed program was:
/* The following provokes a segfault in the compiler on powerpc-apple-darwin.
   Extracted from tests/mpn/t-iord_u.c.  Causes Apple's gcc 3.3 build 1640 and
   1666 to segfault with e.g., -O2 -mpowerpc64.  */

#if defined (__GNUC__) && ! defined (__cplusplus)
typedef unsigned long long t1;typedef t1*t2;
static __inline__ t1 e(t2 rp,t2 up,int n,t1 v0)
{t1 c,x,r;int i;if(v0){c=1;for(i=1;i<n;i++){x=up[i];r=x+1;rp[i]=r;}}return c;}
f(){static const struct{t1 n;t1 src[9];t1 want[9];}d[]={{1,{0},{1}},};t1 got[9];int i;
for(i=0;i<1;i++){if(e(got,got,9,d[i].n)==0)h();g(i,d[i].src,d[i].n,got,d[i].want,9);if(d[i].n)h();}}
h(){}g(){}
#else
int dummy;
#endif

int main () { return 0; }
configure:6665: result: no, long long reliability test 1
configure:5546: cc -c conftest.c >&5
configure:5549: $? = 0
configure:5552: checking whether cc is gcc
configure:5554: result: yes
configure:5568: cc 2>&1 | grep xlc >/dev/null
configure:5571: $? = 1
configure:5625: checking compiler cc -O2 -pedantic -fomit-frame-pointer -mx32 
Test compile: 
configure:5639: cc -O2 -pedantic -fomit-frame-pointer -mx32  conftest.c >&5
conftest.c:2:10: warning: a function declaration without a prototype is deprecated in all versions of C [-Wstrict-prototypes]
int main () { return 0; }
         ^
          void
1 warning generated.
configure:5642: $? = 0
configure:5647: ./a.out || ./b.out || ./a.exe || ./a_out.exe || ./conftest
configure:5650: $? = 0
Test compile: function pointer return
configure:5693: cc -O2 -pedantic -fomit-frame-pointer -mx32  conftest.c >&5
conftest.c:3:8: warning: a function declaration without a prototype is deprecated in all versions of C [-Wstrict-prototypes]
void *g() { return (void *) 0; }
       ^
        void
conftest.c:4:8: warning: a function declaration without a prototype is deprecated in all versions of C [-Wstrict-prototypes]
void *f() { return g(); }
       ^
        void
conftest.c:6:10: warning: a function declaration without a prototype is deprecated in all versions of C [-Wstrict-prototypes]
int main () { return 0; }
         ^
          void
3 warnings generated.
configure:5696: $? = 0
configure:5701: ./a.out || ./b.out || ./a.exe || ./a_out.exe || ./conftest
configure:5704: $? = 0
Test compile: cmov instruction
configure:5749: cc -O2 -pedantic -fomit-frame-pointer -mx32  conftest.c >&5
conftest.c:6:10: warning: a function declaration without a prototype is deprecated in all versions of C [-Wstrict-prototypes]
int cmov () { return (n >= 0 ? n : 0); }
         ^
          void
conftest.c:8:10: warning: a function declaration without a prototype is deprecated in all versions of C [-Wstrict-prototypes]
int main () { return 0; }
         ^
          void
2 warnings generated.
configure:5752: $? = 0
configure:5757: ./a.out || ./b.out || ./a.exe || ./a_out.exe || ./conftest
configure:5760: $? = 0
Test compile: double -> ulong conversion
configure:5806: cc -O2 -pedantic -fomit-frame-pointer -mx32  conftest.c >&5
conftest.c:7:22: warning: a function declaration without a prototype is deprecated in all versions of C [-Wstrict-prototypes]
unsigned long gcc303 () { return (unsigned long) d; }
                     ^
                      void
conftest.c:9:10: warning: a function declaration without a prototype is deprecated in all versions of C [-Wstrict-prototypes]
int main () { return 0; }
         ^
          void
2 warnings generated.
configure:5809: $? = 0
configure:5814: ./a.out || ./b.out || ./a.exe || ./a_out.exe || ./conftest
configure:5817: $? = 0
Test compile: double negation
configure:5861: cc -O2 -pedantic -fomit-frame-pointer -mx32  conftest.c >&5
conftest.c:5:20: warning: a function declaration without a prototype is deprecated in all versions of C [-Wstrict-prototypes]
unsigned long fneg () { return -fneg_data; }
                   ^
                    void
conftest.c:7:10: warning: a function declaration without a prototype is deprecated in all versions of C [-Wstrict-prototypes]
int main () { return 0; }
         ^
          void
2 warnings generated.
configure:5864: $? = 0
configure:5869: ./a.out || ./b.out || ./a.exe || ./a_out.exe || ./conftest
configure:5872: $? = 0
Test compile: double -> float conversion
configure:5917: cc -O2 -pedantic -fomit-frame-pointer -mx32  conftest.c >&5
conftest.c:6:12: warning: a function declaration without a prototype is deprecated in all versions of C [-Wstrict-prototypes]
float ftod () { return (float) ftod_data; }
           ^
            void
conftest.c:8:10: warning: a function declaration without a prototype is deprecated in all versions of C [-Wstrict-prototypes]
int main () { return 0; }
         ^
          void
2 warnings generated.
configure:5920: $? = 0
configure:5925: ./a.out || ./b.out || ./a.exe || ./a_out.exe || ./conftest
configure:5928: $? = 0
Test compile: gnupro alpha ev6 char spilling
configure:6002: cc -O2 -pedantic -fomit-frame-pointer -mx32  conftest.c >&5
conftest.c:16:12: warning: a function declaration without a prototype is deprecated in all versions of C [-Wstrict-prototypes]
param_init ()
           ^
            void
conftest.c:37:10: warning: a function declaration without a prototype is deprecated in all versions of C [-Wstrict-prototypes]
int main () { return 0; }
         ^
          void
2 warnings generated.
configure:6005: $? = 0
configure:6010: ./a.out || ./b.out || ./a.exe || ./a_out.exe || ./conftest
configure:6013: $? = 0
Test compile: __builtin_alloca availability
configure:6053: cc -O2 -pedantic -fomit-frame-pointer -mx32  conftest.c >&5
conftest.c:1:16: warning: a function declaration without a prototype is deprecated in all versions of C [-Wstrict-prototypes]
int k; int foo () { __builtin_alloca (k); }
               ^
                void
conftest.c:1:43: warning: non-void function does not return a value [-Wreturn-type]
int k; int foo () { __builtin_alloca (k); }
                                          ^
2 warnings generated.
Undefined symbols for architecture x86_64:
  "_main", referenced from:
      <initial-undefines>
ld: symbol(s) not found for architecture x86_64
clang: error: linker command failed with exit code 1 (use -v to see invocation)
configure:6056: $? = 1
failed program was:
int k; int foo () { __builtin_alloca (k); }
Test compile: abs int -> double conversion
configure:6177: cc -O2 -pedantic -fomit-frame-pointer -mx32  conftest.c >&5
conftest.c:13:7: warning: a function declaration without a prototype is deprecated in all versions of C [-Wstrict-prototypes]
int f ()
      ^
       void
conftest.c:20:10: warning: a function declaration without a prototype is deprecated in all versions of C [-Wstrict-prototypes]
int main () { return 0; }
         ^
          void
2 warnings generated.
configure:6180: $? = 0
configure:6185: ./a.out || ./b.out || ./a.exe || ./a_out.exe || ./conftest
configure:6188: $? = 0
Test compile: long long reliability test 1
configure:6241: cc -O2 -pedantic -fomit-frame-pointer -mx32  conftest.c >&5
conftest.c:9:1: error: type specifier missing, defaults to 'int'; ISO C99 and later do not support implicit int [-Wimplicit-int]
f(){static const struct{t1 n;t1 src[9];t1 want[9];}d[]={{1,{0},{1}},};t1 got[9];int i;
^
int
conftest.c:9:2: warning: a function declaration without a prototype is deprecated in all versions of C [-Wstrict-prototypes]
f(){static const struct{t1 n;t1 src[9];t1 want[9];}d[]={{1,{0},{1}},};t1 got[9];int i;
 ^
  void
conftest.c:10:44: error: call to undeclared function 'h'; ISO C99 and later do not support implicit function declarations [-Wimplicit-function-declaration]
for(i=0;i<1;i++){if(e(got,got,9,d[i].n)==0)h();g(i,d[i].src,d[i].n,got,d[i].want,9);if(d[i].n)h();}}
                                           ^
conftest.c:10:48: error: call to undeclared function 'g'; ISO C99 and later do not support implicit function declarations [-Wimplicit-function-declaration]
for(i=0;i<1;i++){if(e(got,got,9,d[i].n)==0)h();g(i,d[i].src,d[i].n,got,d[i].want,9);if(d[i].n)h();}}
                                               ^
conftest.c:11:1: error: type specifier missing, defaults to 'int'; ISO C99 and later do not support implicit int [-Wimplicit-int]
h(){}g(){}
^
int
conftest.c:11:2: warning: a function declaration without a prototype is deprecated in all versions of C [-Wstrict-prototypes]
h(){}g(){}
 ^
  void
conftest.c:11:6: error: type specifier missing, defaults to 'int'; ISO C99 and later do not support implicit int [-Wimplicit-int]
h(){}g(){}
     ^
     int
conftest.c:11:7: warning: a function declaration without a prototype is deprecated in all versions of C [-Wstrict-prototypes]
h(){}g(){}
      ^
       void
conftest.c:16:10: warning: a function declaration without a prototype is deprecated in all versions of C [-Wstrict-prototypes]
int main () { return 0; }
         ^
          void
4 warnings and 5 errors generated.
configure:6244: $? = 1
failed program was:
/* The following provokes a segfault in the compiler on powerpc-apple-darwin.
   Extracted from tests/mpn/t-iord_u.c.  Causes Apple's gcc 3.3 build 1640 and
   1666 to segfault with e.g., -O2 -mpowerpc64.  */

#if defined (__GNUC__) && ! defined (__cplusplus)
typedef unsigned long long t1;typedef t1*t2;
static __inline__ t1 e(t2 rp,t2 up,int n,t1 v0)
{t1 c,x,r;int i;if(v0){c=1;for(i=1;i<n;i++){x=up[i];r=x+1;rp[i]=r;}}return c;}
f(){static const struct{t1 n;t1 src[9];t1 want[9];}d[]={{1,{0},{1}},};t1 got[9];int i;
for(i=0;i<1;i++){if(e(got,got,9,d[i].n)==0)h();g(i,d[i].src,d[i].n,got,d[i].want,9);if(d[i].n)h();}}
h(){}g(){}
#else
int dummy;
#endif

int main () { return 0; }
configure:6665: result: no, long long reliability test 1
configure:5568: gcc 2>&1 | grep xlc >/dev/null
configure:5571: $? = 1
configure:5625: checking compiler gcc -m32 -O2 -pedantic -fomit-frame-pointer 
Test compile: 
configure:5639: gcc -m32 -O2 -pedantic -fomit-frame-pointer  conftest.c >&5
conftest.c:2:10: warning: a function declaration without a prototype is deprecated in all versions of C [-Wstrict-prototypes]
int main () { return 0; }
         ^
          void
1 warning generated.
ld: warning: The i386 architecture is deprecated for macOS (remove from the Xcode build setting: ARCHS)
configure:5642: $? = 0
configure:5647: ./a.out || ./b.out || ./a.exe || ./a_out.exe || ./conftest
./configure: line 5648: ./a.out: Bad CPU type in executable
./configure: line 5648: ./b.out: No such file or directory
./configure: line 5648: ./a.exe: No such file or directory
./configure: line 5648: ./a_out.exe: No such file or directory
./configure: line 5648: ./conftest: No such file or directory
configure:5650: $? = 127
failed program was:

int main () { return 0; }
configure:6665: result: no, program does not run
configure:5625: checking compiler gcc -O2 -pedantic -fomit-frame-pointer 
Test compile: 
configure:5639: gcc -O2 -pedantic -fomit-frame-pointer  conftest.c >&5
conftest.c:2:10: warning: a function declaration without a prototype is deprecated in all versions of C [-Wstrict-prototypes]
int main () { return 0; }
         ^
          void
1 warning generated.
configure:5642: $? = 0
configure:5647: ./a.out || ./b.out || ./a.exe || ./a_out.exe || ./conftest
configure:5650: $? = 0
Test compile: function pointer return
configure:5693: gcc -O2 -pedantic -fomit-frame-pointer  conftest.c >&5
conftest.c:3:8: warning: a function declaration without a prototype is deprecated in all versions of C [-Wstrict-prototypes]
void *g() { return (void *) 0; }
       ^
        void
conftest.c:4:8: warning: a function declaration without a prototype is deprecated in all versions of C [-Wstrict-prototypes]
void *f() { return g(); }
       ^
        void
conftest.c:6:10: warning: a function declaration without a prototype is deprecated in all versions of C [-Wstrict-prototypes]
int main () { return 0; }
         ^
          void
3 warnings generated.
configure:5696: $? = 0
configure:5701: ./a.out || ./b.out || ./a.exe || ./a_out.exe || ./conftest
configure:5704: $? = 0
Test compile: cmov instruction
configure:5749: gcc -O2 -pedantic -fomit-frame-pointer  conftest.c >&5
conftest.c:6:10: warning: a function declaration without a prototype is deprecated in all versions of C [-Wstrict-prototypes]
int cmov () { return (n >= 0 ? n : 0); }
         ^
          void
conftest.c:8:10: warning: a function declaration without a prototype is deprecated in all versions of C [-Wstrict-prototypes]
int main () { return 0; }
         ^
          void
2 warnings generated.
configure:5752: $? = 0
configure:5757: ./a.out || ./b.out || ./a.exe || ./a_out.exe || ./conftest
configure:5760: $? = 0
Test compile: double -> ulong conversion
configure:5806: gcc -O2 -pedantic -fomit-frame-pointer  conftest.c >&5
conftest.c:7:22: warning: a function declaration without a prototype is deprecated in all versions of C [-Wstrict-prototypes]
unsigned long gcc303 () { return (unsigned long) d; }
                     ^
                      void
conftest.c:9:10: warning: a function declaration without a prototype is deprecated in all versions of C [-Wstrict-prototypes]
int main () { return 0; }
         ^
          void
2 warnings generated.
configure:5809: $? = 0
configure:5814: ./a.out || ./b.out || ./a.exe || ./a_out.exe || ./conftest
configure:5817: $? = 0
Test compile: double negation
configure:5861: gcc -O2 -pedantic -fomit-frame-pointer  conftest.c >&5
conftest.c:5:20: warning: a function declaration without a prototype is deprecated in all versions of C [-Wstrict-prototypes]
unsigned long fneg () { return -fneg_data; }
                   ^
                    void
conftest.c:7:10: warning: a function declaration without a prototype is deprecated in all versions of C [-Wstrict-prototypes]
int main () { return 0; }
         ^
          void
2 warnings generated.
configure:5864: $? = 0
configure:5869: ./a.out || ./b.out || ./a.exe || ./a_out.exe || ./conftest
configure:5872: $? = 0
Test compile: double -> float conversion
configure:5917: gcc -O2 -pedantic -fomit-frame-pointer  conftest.c >&5
conftest.c:6:12: warning: a function declaration without a prototype is deprecated in all versions of C [-Wstrict-prototypes]
float ftod () { return (float) ftod_data; }
           ^
            void
conftest.c:8:10: warning: a function declaration without a prototype is deprecated in all versions of C [-Wstrict-prototypes]
int main () { return 0; }
         ^
          void
2 warnings generated.
configure:5920: $? = 0
configure:5925: ./a.out || ./b.out || ./a.exe || ./a_out.exe || ./conftest
configure:5928: $? = 0
Test compile: gnupro alpha ev6 char spilling
configure:6002: gcc -O2 -pedantic -fomit-frame-pointer  conftest.c >&5
conftest.c:16:12: warning: a function declaration without a prototype is deprecated in all versions of C [-Wstrict-prototypes]
param_init ()
           ^
            void
conftest.c:37:10: warning: a function declaration without a prototype is deprecated in all versions of C [-Wstrict-prototypes]
int main () { return 0; }
         ^
          void
2 warnings generated.
configure:6005: $? = 0
configure:6010: ./a.out || ./b.out || ./a.exe || ./a_out.exe || ./conftest
configure:6013: $? = 0
Test compile: __builtin_alloca availability
configure:6053: gcc -O2 -pedantic -fomit-frame-pointer  conftest.c >&5
conftest.c:1:16: warning: a function declaration without a prototype is deprecated in all versions of C [-Wstrict-prototypes]
int k; int foo () { __builtin_alloca (k); }
               ^
                void
conftest.c:1:43: warning: non-void function does not return a value [-Wreturn-type]
int k; int foo () { __builtin_alloca (k); }
                                          ^
2 warnings generated.
Undefined symbols for architecture x86_64:
  "_main", referenced from:
      <initial-undefines>
ld: symbol(s) not found for architecture x86_64
clang: error: linker command failed with exit code 1 (use -v to see invocation)
configure:6056: $? = 1
failed program was:
int k; int foo () { __builtin_alloca (k); }
Test compile: abs int -> double conversion
configure:6177: gcc -O2 -pedantic -fomit-frame-pointer  conftest.c >&5
conftest.c:13:7: warning: a function declaration without a prototype is deprecated in all versions of C [-Wstrict-prototypes]
int f ()
      ^
       void
conftest.c:20:10: warning: a function declaration without a prototype is deprecated in all versions of C [-Wstrict-prototypes]
int main () { return 0; }
         ^
          void
2 warnings generated.
configure:6180: $? = 0
configure:6185: ./a.out || ./b.out || ./a.exe || ./a_out.exe || ./conftest
configure:6188: $? = 0
Test compile: long long reliability test 1
configure:6241: gcc -O2 -pedantic -fomit-frame-pointer  conftest.c >&5
conftest.c:9:1: error: type specifier missing, defaults to 'int'; ISO C99 and later do not support implicit int [-Wimplicit-int]
f(){static const struct{t1 n;t1 src[9];t1 want[9];}d[]={{1,{0},{1}},};t1 got[9];int i;
^
int
conftest.c:9:2: warning: a function declaration without a prototype is deprecated in all versions of C [-Wstrict-prototypes]
f(){static const struct{t1 n;t1 src[9];t1 want[9];}d[]={{1,{0},{1}},};t1 got[9];int i;
 ^
  void
conftest.c:10:44: error: call to undeclared function 'h'; ISO C99 and later do not support implicit function declarations [-Wimplicit-function-declaration]
for(i=0;i<1;i++){if(e(got,got,9,d[i].n)==0)h();g(i,d[i].src,d[i].n,got,d[i].want,9);if(d[i].n)h();}}
                                           ^
conftest.c:10:48: error: call to undeclared function 'g'; ISO C99 and later do not support implicit function declarations [-Wimplicit-function-declaration]
for(i=0;i<1;i++){if(e(got,got,9,d[i].n)==0)h();g(i,d[i].src,d[i].n,got,d[i].want,9);if(d[i].n)h();}}
                                               ^
conftest.c:11:1: error: type specifier missing, defaults to 'int'; ISO C99 and later do not support implicit int [-Wimplicit-int]
h(){}g(){}
^
int
conftest.c:11:2: warning: a function declaration without a prototype is deprecated in all versions of C [-Wstrict-prototypes]
h(){}g(){}
 ^
  void
conftest.c:11:6: error: type specifier missing, defaults to 'int'; ISO C99 and later do not support implicit int [-Wimplicit-int]
h(){}g(){}
     ^
     int
conftest.c:11:7: warning: a function declaration without a prototype is deprecated in all versions of C [-Wstrict-prototypes]
h(){}g(){}
      ^
       void
conftest.c:16:10: warning: a function declaration without a prototype is deprecated in all versions of C [-Wstrict-prototypes]
int main () { return 0; }
         ^
          void
4 warnings and 5 errors generated.
configure:6244: $? = 1
failed program was:
/* The following provokes a segfault in the compiler on powerpc-apple-darwin.
   Extracted from tests/mpn/t-iord_u.c.  Causes Apple's gcc 3.3 build 1640 and
   1666 to segfault with e.g., -O2 -mpowerpc64.  */

#if defined (__GNUC__) && ! defined (__cplusplus)
typedef unsigned long long t1;typedef t1*t2;
static __inline__ t1 e(t2 rp,t2 up,int n,t1 v0)
{t1 c,x,r;int i;if(v0){c=1;for(i=1;i<n;i++){x=up[i];r=x+1;rp[i]=r;}}return c;}
f(){static const struct{t1 n;t1 src[9];t1 want[9];}d[]={{1,{0},{1}},};t1 got[9];int i;
for(i=0;i<1;i++){if(e(got,got,9,d[i].n)==0)h();g(i,d[i].src,d[i].n,got,d[i].want,9);if(d[i].n)h();}}
h(){}g(){}
#else
int dummy;
#endif

int main () { return 0; }
configure:6665: result: no, long long reliability test 1
configure:5546: icc -c conftest.c >&5
./configure: line 5547: icc: command not found
configure:5549: $? = 127
configure:5568: icc 2>&1 | grep xlc >/dev/null
configure:5571: $? = 1
configure:5625: checking compiler icc -no-gcc 
Test compile: 
configure:5639: icc -no-gcc  conftest.c >&5
./configure: line 5640: icc: command not found
configure:5642: $? = 127
failed program was:

int main () { return 0; }
configure:6665: result: no
configure:5546: cc -c conftest.c >&5
configure:5549: $? = 0
configure:5552: checking whether cc is gcc
configure:5554: result: yes
configure:5568: cc 2>&1 | grep xlc >/dev/null
configure:5571: $? = 1
configure:5625: checking compiler cc -m32 -O2 -pedantic -fomit-frame-pointer 
Test compile: 
configure:5639: cc -m32 -O2 -pedantic -fomit-frame-pointer  conftest.c >&5
conftest.c:2:10: warning: a function declaration without a prototype is deprecated in all versions of C [-Wstrict-prototypes]
int main () { return 0; }
         ^
          void
1 warning generated.
ld: warning: The i386 architecture is deprecated for macOS (remove from the Xcode build setting: ARCHS)
configure:5642: $? = 0
configure:5647: ./a.out || ./b.out || ./a.exe || ./a_out.exe || ./conftest
./configure: line 5648: ./a.out: Bad CPU type in executable
./configure: line 5648: ./b.out: No such file or directory
./configure: line 5648: ./a.exe: No such file or directory
./configure: line 5648: ./a_out.exe: No such file or directory
./configure: line 5648: ./conftest: No such file or directory
configure:5650: $? = 127
failed program was:

int main () { return 0; }
configure:6665: result: no, program does not run
configure:5625: checking compiler cc -O2 -pedantic -fomit-frame-pointer 
Test compile: 
configure:5639: cc -O2 -pedantic -fomit-frame-pointer  conftest.c >&5
conftest.c:2:10: warning: a function declaration without a prototype is deprecated in all versions of C [-Wstrict-prototypes]
int main () { return 0; }
         ^
          void
1 warning generated.
configure:5642: $? = 0
configure:5647: ./a.out || ./b.out || ./a.exe || ./a_out.exe || ./conftest
configure:5650: $? = 0
Test compile: function pointer return
configure:5693: cc -O2 -pedantic -fomit-frame-pointer  conftest.c >&5
conftest.c:3:8: warning: a function declaration without a prototype is deprecated in all versions of C [-Wstrict-prototypes]
void *g() { return (void *) 0; }
       ^
        void
conftest.c:4:8: warning: a function declaration without a prototype is deprecated in all versions of C [-Wstrict-prototypes]
void *f() { return g(); }
       ^
        void
conftest.c:6:10: warning: a function declaration without a prototype is deprecated in all versions of C [-Wstrict-prototypes]
int main () { return 0; }
         ^
          void
3 warnings generated.
configure:5696: $? = 0
configure:5701: ./a.out || ./b.out || ./a.exe || ./a_out.exe || ./conftest
configure:5704: $? = 0
Test compile: cmov instruction
configure:5749: cc -O2 -pedantic -fomit-frame-pointer  conftest.c >&5
conftest.c:6:10: warning: a function declaration without a prototype is deprecated in all versions of C [-Wstrict-prototypes]
int cmov () { return (n >= 0 ? n : 0); }
         ^
          void
conftest.c:8:10: warning: a function declaration without a prototype is deprecated in all versions of C [-Wstrict-prototypes]
int main () { return 0; }
         ^
          void
2 warnings generated.
configure:5752: $? = 0
configure:5757: ./a.out || ./b.out || ./a.exe || ./a_out.exe || ./conftest
configure:5760: $? = 0
Test compile: double -> ulong conversion
configure:5806: cc -O2 -pedantic -fomit-frame-pointer  conftest.c >&5
conftest.c:7:22: warning: a function declaration without a prototype is deprecated in all versions of C [-Wstrict-prototypes]
unsigned long gcc303 () { return (unsigned long) d; }
                     ^
                      void
conftest.c:9:10: warning: a function declaration without a prototype is deprecated in all versions of C [-Wstrict-prototypes]
int main () { return 0; }
         ^
          void
2 warnings generated.
configure:5809: $? = 0
configure:5814: ./a.out || ./b.out || ./a.exe || ./a_out.exe || ./conftest
configure:5817: $? = 0
Test compile: double negation
configure:5861: cc -O2 -pedantic -fomit-frame-pointer  conftest.c >&5
conftest.c:5:20: warning: a function declaration without a prototype is deprecated in all versions of C [-Wstrict-prototypes]
unsigned long fneg () { return -fneg_data; }
                   ^
                    void
conftest.c:7:10: warning: a function declaration without a prototype is deprecated in all versions of C [-Wstrict-prototypes]
int main () { return 0; }
         ^
          void
2 warnings generated.
configure:5864: $? = 0
configure:5869: ./a.out || ./b.out || ./a.exe || ./a_out.exe || ./conftest
configure:5872: $? = 0
Test compile: double -> float conversion
configure:5917: cc -O2 -pedantic -fomit-frame-pointer  conftest.c >&5
conftest.c:6:12: warning: a function declaration without a prototype is deprecated in all versions of C [-Wstrict-prototypes]
float ftod () { return (float) ftod_data; }
           ^
            void
conftest.c:8:10: warning: a function declaration without a prototype is deprecated in all versions of C [-Wstrict-prototypes]
int main () { return 0; }
         ^
          void
2 warnings generated.
configure:5920: $? = 0
configure:5925: ./a.out || ./b.out || ./a.exe || ./a_out.exe || ./conftest
configure:5928: $? = 0
Test compile: gnupro alpha ev6 char spilling
configure:6002: cc -O2 -pedantic -fomit-frame-pointer  conftest.c >&5
conftest.c:16:12: warning: a function declaration without a prototype is deprecated in all versions of C [-Wstrict-prototypes]
param_init ()
           ^
            void
conftest.c:37:10: warning: a function declaration without a prototype is deprecated in all versions of C [-Wstrict-prototypes]
int main () { return 0; }
         ^
          void
2 warnings generated.
configure:6005: $? = 0
configure:6010: ./a.out || ./b.out || ./a.exe || ./a_out.exe || ./conftest
configure:6013: $? = 0
Test compile: __builtin_alloca availability
configure:6053: cc -O2 -pedantic -fomit-frame-pointer  conftest.c >&5
conftest.c:1:16: warning: a function declaration without a prototype is deprecated in all versions of C [-Wstrict-prototypes]
int k; int foo () { __builtin_alloca (k); }
               ^
                void
conftest.c:1:43: warning: non-void function does not return a value [-Wreturn-type]
int k; int foo () { __builtin_alloca (k); }
                                          ^
2 warnings generated.
Undefined symbols for architecture x86_64:
  "_main", referenced from:
      <initial-undefines>
ld: symbol(s) not found for architecture x86_64
clang: error: linker command failed with exit code 1 (use -v to see invocation)
configure:6056: $? = 1
failed program was:
int k; int foo () { __builtin_alloca (k); }
Test compile: abs int -> double conversion
configure:6177: cc -O2 -pedantic -fomit-frame-pointer  conftest.c >&5
conftest.c:13:7: warning: a function declaration without a prototype is deprecated in all versions of C [-Wstrict-prototypes]
int f ()
      ^
       void
conftest.c:20:10: warning: a function declaration without a prototype is deprecated in all versions of C [-Wstrict-prototypes]
int main () { return 0; }
         ^
          void
2 warnings generated.
configure:6180: $? = 0
configure:6185: ./a.out || ./b.out || ./a.exe || ./a_out.exe || ./conftest
configure:6188: $? = 0
Test compile: long long reliability test 1
configure:6241: cc -O2 -pedantic -fomit-frame-pointer  conftest.c >&5
conftest.c:9:1: error: type specifier missing, defaults to 'int'; ISO C99 and later do not support implicit int [-Wimplicit-int]
f(){static const struct{t1 n;t1 src[9];t1 want[9];}d[]={{1,{0},{1}},};t1 got[9];int i;
^
int
conftest.c:9:2: warning: a function declaration without a prototype is deprecated in all versions of C [-Wstrict-prototypes]
f(){static const struct{t1 n;t1 src[9];t1 want[9];}d[]={{1,{0},{1}},};t1 got[9];int i;
 ^
  void
conftest.c:10:44: error: call to undeclared function 'h'; ISO C99 and later do not support implicit function declarations [-Wimplicit-function-declaration]
for(i=0;i<1;i++){if(e(got,got,9,d[i].n)==0)h();g(i,d[i].src,d[i].n,got,d[i].want,9);if(d[i].n)h();}}
                                           ^
conftest.c:10:48: error: call to undeclared function 'g'; ISO C99 and later do not support implicit function declarations [-Wimplicit-function-declaration]
for(i=0;i<1;i++){if(e(got,got,9,d[i].n)==0)h();g(i,d[i].src,d[i].n,got,d[i].want,9);if(d[i].n)h();}}
                                               ^
conftest.c:11:1: error: type specifier missing, defaults to 'int'; ISO C99 and later do not support implicit int [-Wimplicit-int]
h(){}g(){}
^
int
conftest.c:11:2: warning: a function declaration without a prototype is deprecated in all versions of C [-Wstrict-prototypes]
h(){}g(){}
 ^
  void
conftest.c:11:6: error: type specifier missing, defaults to 'int'; ISO C99 and later do not support implicit int [-Wimplicit-int]
h(){}g(){}
     ^
     int
conftest.c:11:7: warning: a function declaration without a prototype is deprecated in all versions of C [-Wstrict-prototypes]
h(){}g(){}
      ^
       void
conftest.c:16:10: warning: a function declaration without a prototype is deprecated in all versions of C [-Wstrict-prototypes]
int main () { return 0; }
         ^
          void
4 warnings and 5 errors generated.
configure:6244: $? = 1
failed program was:
/* The following provokes a segfault in the compiler on powerpc-apple-darwin.
   Extracted from tests/mpn/t-iord_u.c.  Causes Apple's gcc 3.3 build 1640 and
   1666 to segfault with e.g., -O2 -mpowerpc64.  */

#if defined (__GNUC__) && ! defined (__cplusplus)
typedef unsigned long long t1;typedef t1*t2;
static __inline__ t1 e(t2 rp,t2 up,int n,t1 v0)
{t1 c,x,r;int i;if(v0){c=1;for(i=1;i<n;i++){x=up[i];r=x+1;rp[i]=r;}}return c;}
f(){static const struct{t1 n;t1 src[9];t1 want[9];}d[]={{1,{0},{1}},};t1 got[9];int i;
for(i=0;i<1;i++){if(e(got,got,9,d[i].n)==0)h();g(i,d[i].src,d[i].n,got,d[i].want,9);if(d[i].n)h();}}
h(){}g(){}
#else
int dummy;
#endif

int main () { return 0; }
configure:6665: result: no, long long reliability test 1
configure:6903: error: could not find a working compiler, see config.log for details

## ---------------- ##
## Cache variables. ##
## ---------------- ##

ac_cv_build=corei-apple-darwin23.6.0
ac_cv_env_ABI_set=
ac_cv_env_ABI_value=
ac_cv_env_CCC_set=
ac_cv_env_CCC_value=
ac_cv_env_CC_FOR_BUILD_set=
ac_cv_env_CC_FOR_BUILD_value=
ac_cv_env_CC_set=
ac_cv_env_CC_value=
ac_cv_env_CFLAGS_set=
ac_cv_env_CFLAGS_value=
ac_cv_env_CPPFLAGS_set=
ac_cv_env_CPPFLAGS_value=
ac_cv_env_CPP_FOR_BUILD_set=
ac_cv_env_CPP_FOR_BUILD_value=
ac_cv_env_CPP_set=
ac_cv_env_CPP_value=
ac_cv_env_CXXCPP_set=
ac_cv_env_CXXCPP_value=
ac_cv_env_CXXFLAGS_set=
ac_cv_env_CXXFLAGS_value=
ac_cv_env_CXX_set=
ac_cv_env_CXX_value=
ac_cv_env_LDFLAGS_set=
ac_cv_env_LDFLAGS_value=
ac_cv_env_LIBS_set=
ac_cv_env_LIBS_value=
ac_cv_env_M4_set=
ac_cv_env_M4_value=
ac_cv_env_YACC_set=
ac_cv_env_YACC_value=
ac_cv_env_YFLAGS_set=
ac_cv_env_YFLAGS_value=
ac_cv_env_build_alias_set=
ac_cv_env_build_alias_value=
ac_cv_env_host_alias_set=
ac_cv_env_host_alias_value=
ac_cv_env_target_alias_set=
ac_cv_env_target_alias_value=
ac_cv_host=corei-apple-darwin23.6.0
ac_cv_path_install='/usr/bin/install -c'
ac_cv_path_mkdir=/usr/local/bin/gmkdir
ac_cv_prog_AWK=awk
ac_cv_prog_make_make_set=yes

## ----------------- ##
## Output variables. ##
## ----------------- ##

ABI=''
ACLOCAL='${SHELL} /Users/milarson/Projects/mandelbrot-explorer/mandelbrot-explorer/gmp-6.0.0/missing --run aclocal-1.11'
AMTAR='$${TAR-tar}'
AR=''
AS=''
ASMFLAGS=''
AUTOCONF='${SHELL} /Users/milarson/Projects/mandelbrot-explorer/mandelbrot-explorer/gmp-6.0.0/missing --run autoconf'
AUTOHEADER='${SHELL} /Users/milarson/Projects/mandelbrot-explorer/mandelbrot-explorer/gmp-6.0.0/missing --run autoheader'
AUTOMAKE='${SHELL} /Users/milarson/Projects/mandelbrot-explorer/mandelbrot-explorer/gmp-6.0.0/missing --run automake-1.11'
AWK='awk'
CALLING_CONVENTIONS_OBJS='x86call.lo x86check$U.lo'
CC=''
CCAS=''
CC_FOR_BUILD=''
CFLAGS=''
CPP=''
CPPFLAGS=''
CPP_FOR_BUILD=''
CXX=''
CXXCPP=''
CXXFLAGS=''
CYGPATH_W='echo'
DEFN_LONG_LONG_LIMB=''
DEFS=''
DLLTOOL=''
DSYMUTIL=''
DUMPBIN=''
ECHO_C='\c'
ECHO_N=''
ECHO_T=''
EGREP=''
ENABLE_STATIC_FALSE=''
ENABLE_STATIC_TRUE=''
EXEEXT=''
EXEEXT_FOR_BUILD=''
FGREP=''
GMP_LDFLAGS=''
GMP_LIMB_BITS=''
GMP_NAIL_BITS='0'
GREP=''
HAVE_CLOCK_01=''
HAVE_CPUTIME_01=''
HAVE_GETRUSAGE_01=''
HAVE_GETTIMEOFDAY_01=''
HAVE_HOST_CPU_FAMILY_power='0'
HAVE_HOST_CPU_FAMILY_powerpc='0'
HAVE_SIGACTION_01=''
HAVE_SIGALTSTACK_01=''
HAVE_SIGSTACK_01=''
HAVE_STACK_T_01=''
HAVE_SYS_RESOURCE_H_01=''
INSTALL_DATA='${INSTALL} -m 644'
INSTALL_PROGRAM='${INSTALL}'
INSTALL_SCRIPT='${INSTALL}'
INSTALL_STRIP_PROGRAM='$(install_sh) -c -s'
LD=''
LDFLAGS=''
LEX=''
LEXLIB=''
LEX_OUTPUT_ROOT=''
LIBCURSES=''
LIBGMPXX_LDFLAGS=''
LIBGMP_DLL=''
LIBGMP_LDFLAGS=''
LIBM=''
LIBM_FOR_BUILD=''
LIBOBJS=''
LIBREADLINE=''
LIBS=''
LIBTOOL=''
LIPO=''
LN_S=''
LTLIBOBJS=''
M4=''
MAINT='#'
MAINTAINER_MODE_FALSE=''
MAINTAINER_MODE_TRUE='#'
MAKEINFO='${SHELL} /Users/milarson/Projects/mandelbrot-explorer/mandelbrot-explorer/gmp-6.0.0/missing --run makeinfo'
MANIFEST_TOOL=''
MKDIR_P='/usr/local/bin/gmkdir -p'
NM=''
NMEDIT=''
OBJDUMP=''
OBJEXT=''
OTOOL64=''
OTOOL=''
PACKAGE='gmp'
PACKAGE_BUGREPORT='gmp-bugs@gmplib.org, see https://gmplib.org/manual/Reporting-Bugs.html'
PACKAGE_NAME='GNU MP'
PACKAGE_STRING='GNU MP 6.0.0'
PACKAGE_TARNAME='gmp'
PACKAGE_URL='http://www.gnu.org/software/gmp/'
PACKAGE_VERSION='6.0.0'
PATH_SEPARATOR=':'
RANLIB=''
SED=''
SET_MAKE=''
SHELL='/bin/sh'
SPEED_CYCLECOUNTER_OBJ='pentium.lo'
STRIP=''
TAL_OBJECT=''
TUNE_LIBS=''
TUNE_SQR_OBJ=''
U_FOR_BUILD=''
VERSION='6.0.0'
WANT_CXX_FALSE=''
WANT_CXX_TRUE=''
WITH_READLINE_01=''
YACC=''
YFLAGS=''
ac_ct_AR=''
ac_ct_CC=''
ac_ct_CXX=''
ac_ct_DUMPBIN=''
am__EXEEXT_FALSE=''
am__EXEEXT_TRUE=''
am__isrc=''
am__leading_dot='.'
am__tar='$${TAR-tar} chof - "$$tardir"'
am__untar='$${TAR-tar} xf -'
bindir='${exec_prefix}/bin'
build='corei-apple-darwin23.6.0'
build_alias=''
build_cpu='corei'
build_os='darwin23.6.0'
build_vendor='apple'
datadir='${datarootdir}'
datarootdir='${prefix}/share'
docdir='${datarootdir}/doc/${PACKAGE_TARNAME}'
dvidir='${docdir}'
exec_prefix='NONE'
gmp_srclinks=''
host='corei-apple-darwin23.6.0'
host_alias=''
host_cpu='corei'
host_os='darwin23.6.0'
host_vendor='apple'
htmldir='${docdir}'
includedir='${prefix}/include'
infodir='${datarootdir}/info'
install_sh='${SHELL} /Users/milarson/Projects/mandelbrot-explorer/mandelbrot-explorer/gmp-6.0.0/install-sh'
libdir='${exec_prefix}/lib'
libexecdir='${exec_prefix}/libexec'
localedir='${datarootdir}/locale'
localstatedir='${prefix}/var'
mandir='${datarootdir}/man'
mkdir_p='/usr/local/bin/gmkdir -p'
mpn_objects=''
mpn_objs_in_libgmp=''
oldincludedir='/usr/include'
pdfdir='${docdir}'
prefix='NONE'
program_transform_name='s,x,x,'
psdir='${docdir}'
sbindir='${exec_prefix}/sbin'
sharedstatedir='${prefix}/com'
sysconfdir='${prefix}/etc'
target_alias=''

## ----------- ##
## confdefs.h. ##
## ----------- ##

/* confdefs.h */
#define PACKAGE_NAME "GNU MP"
#define PACKAGE_TARNAME "gmp"
#define PACKAGE_VERSION "6.0.0"
#define PACKAGE_STRING "GNU MP 6.0.0"
#define PACKAGE_BUGREPORT "gmp-bugs@gmplib.org, see https://gmplib.org/manual/Reporting-Bugs.html"
#define PACKAGE_URL "http://www.gnu.org/software/gmp/"
#define PACKAGE "gmp"
#define VERSION "6.0.0"
#define WANT_ASSEMBLY 1
#define WANT_FFT 1
#define HAVE_HOST_CPU_corei 1

configure: exit 1
